Arguments: 
  C:\Program Files\nodejs\node.exe C:\Program Files (x86)\Yarn\bin\yarn.js add Redux

PATH: 
  C:\Program Files (x86)\Common Files\Oracle\Java\javapath;C:\Program Files (x86)\Intel\iCLS Client\;C:\ProgramData\Oracle\Java\javapath;C:\Program Files\Intel\iCLS Client\;C:\WINDOWS\system32;C:\WINDOWS;C:\WINDOWS\System32\Wbem;C:\WINDOWS\System32\WindowsPowerShell\v1.0\;C:\w32tex\bin;C:\Users\tyobe\Downloads\gs9.19\bin;C:\Users\tyobe\Downloads\gs9.19\lib;C:\Program Files (x86)\Intel\Intel(R) Management Engine Components\DAL;C:\Program Files\Intel\Intel(R) Management Engine Components\DAL;C:\Program Files (x86)\Intel\Intel(R) Management Engine Components\IPT;C:\Program Files\Intel\Intel(R) Management Engine Components\IPT;C:\WINDOWS\System32\OpenSSH\;C:\Program Files\Intel\WiFi\bin\;C:\Program Files\Common Files\Intel\WirelessCommon\;C:\Program Files\nodejs\;C:\Program Files\Java\jdk1.8.0_201\bin;C:\Program Files (x86)\Tesseract-OCR;C:\Program Files\Git\cmd;C:\Program Files\PuTTY\;C:\Program Files (x86)\Yarn\bin\;C:\Program Files\Dart\dart-sdk\bin;C:\Users\tyobe\AppData\Local\Programs\Python\Python37-32\Scripts\;C:\Users\tyobe\AppData\Local\Programs\Python\Python37-32\;C:\Users\tyobe\AppData\Local\Programs\Python\Python36\Scripts\;C:\Users\tyobe\AppData\Local\Programs\Python\Python36\;C:\Users\tyobe\AppData\Local\Programs\Python\Python36-32\Scripts\;C:\Users\tyobe\AppData\Local\Programs\Python\Python36-32\;C:\Users\tyobe\AppData\Local\Microsoft\WindowsApps;C:\Users\tyobe\AppData\Local\Programs\Python\Python36\lib\site-packages\MeCab.py;C:\Users\tyobe\AppData\Local\Programs\Python\Python36\lib\site-packages\gensim;C:\Users\tyobe\AppData\Local\bin\NASM;C:\MinGW\bin;C:\Users\tyobe\AppData\Roaming\npm;C:\Program Files\Java\jdk1.8.0_201;C:\Program Files\Java\jdk1.8.0_201\bin;C:\Program Files\Java\jdk1.8.0_201\jre\bin;C:\Program Files (x86)\Tesseract-OCR;C:\Program Files\kotlinc\bin;C:\Program Files (x86)\CaboCha\bin;C:\Program Files (x86)\MeCab\bin;C:\Users\tyobe\AppData\Local\Programs\Microsoft VS Code\bin;C:\src\flutter\bin;C:\Users\tyobe\AppData\Local\Yarn\bin;C:\Program Files\Dart\dart-sdk\bin\dart.exe;C:\Program Files\7-Zip;

Yarn version: 
  1.17.3

Node version: 
  10.15.0

Platform: 
  win32 x64

Trace: 
  Error: https://registry.yarnpkg.com/Redux: Not found
      at Request.params.callback [as _callback] (C:\Program Files (x86)\Yarn\lib\cli.js:65939:18)
      at Request.self.callback (C:\Program Files (x86)\Yarn\lib\cli.js:140464:22)
      at Request.emit (events.js:182:13)
      at Request.<anonymous> (C:\Program Files (x86)\Yarn\lib\cli.js:141436:10)
      at Request.emit (events.js:182:13)
      at IncomingMessage.<anonymous> (C:\Program Files (x86)\Yarn\lib\cli.js:141358:12)
      at Object.onceWrapper (events.js:273:13)
      at IncomingMessage.emit (events.js:187:15)
      at endReadableNT (_stream_readable.js:1094:12)
      at process._tickCallback (internal/process/next_tick.js:63:19)

npm manifest: 
  {
      "name": "googlenewsviewer",
      "displayName": "Google News Viewer",
      "description": "you can read Google news on vscode",
      "version": "1.0.0",
      "icon": "google-news-vscode-logo.png",
      "engines": {
          "vscode": "^1.37.0"
      },
      "categories": [
          "Other"
      ],
      "keywords": [
          "googlenews"
      ],
      "activationEvents": [
          "*"
      ],
      "main": "./dist/main.entry.js",
      "contributes": {
          "commands": [
              {
                  "command": "googlenews.view.search.query",
                  "title": "Google News:Search Query"
              },
              {
                  "command": "googlenews.view.search.geo",
                  "title": "Google News:Search Geo"
              },
              {
                  "command": "googlenews.view.search.topic",
                  "title": "Google News:Search Topic"
              }
          ],
          "configuration": {
              "title": "GoogleNews",
              "properties": {
                  "googleNews.language": {
                      "type": "string",
                      "default": "UK_ENGLISH",
                      "enum": [
                          "JAPANESE",
                          "US_ENGLISH",
                          "UK_ENGLISH",
                          "CHINESE",
                          "DEUTSCH",
                          "SPANISH",
                          "ARABIC"
                      ]
                  }
              }
          }
      },
      "scripts": {
          "vscode:prepublish_": "npm run compileMain && npm run compileWebview",
          "compile": "tsc -p ./",
          "watch": "tsc -watch -p ./",
          "pretest": "npm run compile",
          "test": "node ./out/test/runTest.js",
          "compileWebviewWatch": "webpack --mode production --config webpack.config.view.js --watch",
          "compileWebview": "webpack --mode production --config webpack.config.view.js",
          "compileMain": "webpack --mode production --config webpack.config.src.js",
          "vscode:prepublish": "npm install"
      },
      "devDependencies": {
          "@material-ui/core": "^4.4.1",
          "@types/glob": "^7.1.1",
          "@types/mocha": "^5.2.7",
          "@types/moment": "^2.13.0",
          "@types/node": "^12.7.4",
          "@types/node-fetch": "^2.5.0",
          "@types/react": "^16.9.2",
          "@types/react-dom": "^16.9.0",
          "@types/vscode": "^1.37.0",
          "css-loader": "^3.2.0",
          "glob": "^7.1.4",
          "mocha": "^6.2.0",
          "ts-loader": "^6.0.4",
          "tslint": "^5.19.0",
          "typescript": "^3.6.2",
          "vscode-test": "^1.2.0",
          "webpack": "^4.39.3",
          "webpack-cli": "^3.3.8",
          "webpack-merge": "^4.2.2"
      },
      "dependencies": {
          "@date-io/date-fns": "^1.3.11",
          "@date-io/moment": "^1.3.11",
          "@material-ui/pickers": "^3.2.5",
          "express": "^4.17.1",
          "express-react-views": "^0.11.0",
          "moment": "^2.24.0",
          "node-fetch": "^2.6.0",
          "react": "^16.9.0",
          "react-dom": "^16.9.0",
          "rss-parser": "^3.7.2"
      },
      "publisher": "GoogleNewsViewer",
      "repository": {
          "type": "git",
          "url": "https://github.com/KMDMNAK/GoogleNewsViewer.git"
      }
  }

yarn manifest: 
  No manifest

Lockfile: 
  No lockfile
